[2025-06-23T00:00:02.422+0000] {taskinstance.py:1956} INFO - Dependencies all met for dep_context=non-requeueable deps ti=<TaskInstance: lifebit_health_analytics_pipeline.extract_health_data scheduled__2025-06-22T00:00:00+00:00 [queued]>
[2025-06-23T00:00:02.434+0000] {taskinstance.py:1956} INFO - Dependencies all met for dep_context=requeueable deps ti=<TaskInstance: lifebit_health_analytics_pipeline.extract_health_data scheduled__2025-06-22T00:00:00+00:00 [queued]>
[2025-06-23T00:00:02.434+0000] {taskinstance.py:2170} INFO - Starting attempt 1 of 2
[2025-06-23T00:00:02.450+0000] {taskinstance.py:2191} INFO - Executing <Task(PythonOperator): extract_health_data> on 2025-06-22 00:00:00+00:00
[2025-06-23T00:00:02.456+0000] {standard_task_runner.py:60} INFO - Started process 55873 to run task
[2025-06-23T00:00:02.459+0000] {standard_task_runner.py:87} INFO - Running: ['***', 'tasks', 'run', 'lifebit_health_analytics_pipeline', 'extract_health_data', 'scheduled__2025-06-22T00:00:00+00:00', '--job-id', '26', '--raw', '--subdir', 'DAGS_FOLDER/lifebit_health_analytics_dag.py', '--cfg-path', '/tmp/tmp29csmk6_']
[2025-06-23T00:00:02.463+0000] {standard_task_runner.py:88} INFO - Job 26: Subtask extract_health_data
[2025-06-23T00:00:02.507+0000] {task_command.py:423} INFO - Running <TaskInstance: lifebit_health_analytics_pipeline.extract_health_data scheduled__2025-06-22T00:00:00+00:00 [running]> on host 1c6dd86bb0ec
[2025-06-23T00:00:02.586+0000] {taskinstance.py:2480} INFO - Exporting env vars: AIRFLOW_CTX_DAG_OWNER='lifebit-team' AIRFLOW_CTX_DAG_ID='lifebit_health_analytics_pipeline' AIRFLOW_CTX_TASK_ID='extract_health_data' AIRFLOW_CTX_EXECUTION_DATE='2025-06-22T00:00:00+00:00' AIRFLOW_CTX_TRY_NUMBER='1' AIRFLOW_CTX_DAG_RUN_ID='scheduled__2025-06-22T00:00:00+00:00'
[2025-06-23T00:00:03.178+0000] {lifebit_health_analytics_dag.py:57} INFO - 🔍 건강 데이터 추출 시작
[2025-06-23T00:00:03.227+0000] {logging_mixin.py:188} WARNING - /opt/***/dags/lifebit_health_analytics_dag.py:89 UserWarning: pandas only supports SQLAlchemy connectable (engine/connection) or database string URI or sqlite3 DBAPI2 connection. Other DBAPI2 objects are not tested. Please consider using SQLAlchemy.
[2025-06-23T00:00:03.244+0000] {lifebit_health_analytics_dag.py:90} INFO - ✅ 건강 기록 0건 추출 완료
[2025-06-23T00:00:03.246+0000] {logging_mixin.py:188} WARNING - /opt/***/dags/lifebit_health_analytics_dag.py:102 UserWarning: pandas only supports SQLAlchemy connectable (engine/connection) or database string URI or sqlite3 DBAPI2 connection. Other DBAPI2 objects are not tested. Please consider using SQLAlchemy.
[2025-06-23T00:00:03.252+0000] {lifebit_health_analytics_dag.py:103} INFO - ✅ 운동 기록 0건 추출 완료
[2025-06-23T00:00:03.254+0000] {logging_mixin.py:188} WARNING - /opt/***/dags/lifebit_health_analytics_dag.py:116 UserWarning: pandas only supports SQLAlchemy connectable (engine/connection) or database string URI or sqlite3 DBAPI2 connection. Other DBAPI2 objects are not tested. Please consider using SQLAlchemy.
[2025-06-23T00:00:03.261+0000] {lifebit_health_analytics_dag.py:117} INFO - ✅ 식단 기록 0건 추출 완료
[2025-06-23T00:00:03.265+0000] {python.py:201} INFO - Done. Returned value was: {'health_records': [], 'exercise_sessions': [], 'meal_logs': [], 'extraction_date': '2025-06-22', 'total_records': 0}
[2025-06-23T00:00:03.285+0000] {taskinstance.py:1138} INFO - Marking task as SUCCESS. dag_id=lifebit_health_analytics_pipeline, task_id=extract_health_data, execution_date=20250622T000000, start_date=20250623T000002, end_date=20250623T000003
[2025-06-23T00:00:03.316+0000] {local_task_job_runner.py:234} INFO - Task exited with return code 0
[2025-06-23T00:00:03.340+0000] {taskinstance.py:3280} INFO - 1 downstream tasks scheduled from follow-on schedule check
