[2025-06-23T00:00:00.897+0000] {processor.py:161} INFO - Started process (PID=55867) to work on /opt/airflow/dags/lifebit_health_analytics_dag.py
[2025-06-23T00:00:00.900+0000] {processor.py:830} INFO - Processing file /opt/airflow/dags/lifebit_health_analytics_dag.py for tasks to queue
[2025-06-23T00:00:00.902+0000] {logging_mixin.py:188} INFO - [2025-06-23T00:00:00.901+0000] {dagbag.py:538} INFO - Filling up the DagBag from /opt/airflow/dags/lifebit_health_analytics_dag.py
[2025-06-23T00:00:00.950+0000] {processor.py:840} INFO - DAG(s) 'lifebit_health_analytics_pipeline' retrieved from /opt/airflow/dags/lifebit_health_analytics_dag.py
[2025-06-23T00:00:01.245+0000] {logging_mixin.py:188} INFO - [2025-06-23T00:00:01.245+0000] {dag.py:3036} INFO - Sync 1 DAGs
[2025-06-23T00:00:01.278+0000] {processor.py:183} INFO - Processing /opt/airflow/dags/lifebit_health_analytics_dag.py took 0.385 seconds
[2025-06-23T00:00:31.570+0000] {processor.py:161} INFO - Started process (PID=55888) to work on /opt/airflow/dags/lifebit_health_analytics_dag.py
[2025-06-23T00:00:31.571+0000] {processor.py:830} INFO - Processing file /opt/airflow/dags/lifebit_health_analytics_dag.py for tasks to queue
[2025-06-23T00:00:31.572+0000] {logging_mixin.py:188} INFO - [2025-06-23T00:00:31.572+0000] {dagbag.py:538} INFO - Filling up the DagBag from /opt/airflow/dags/lifebit_health_analytics_dag.py
[2025-06-23T00:00:31.595+0000] {processor.py:840} INFO - DAG(s) 'lifebit_health_analytics_pipeline' retrieved from /opt/airflow/dags/lifebit_health_analytics_dag.py
[2025-06-23T00:00:31.621+0000] {logging_mixin.py:188} INFO - [2025-06-23T00:00:31.621+0000] {dag.py:3036} INFO - Sync 1 DAGs
[2025-06-23T00:00:31.641+0000] {logging_mixin.py:188} INFO - [2025-06-23T00:00:31.641+0000] {dag.py:3823} INFO - Setting next_dagrun for lifebit_health_analytics_pipeline to 2025-06-23 00:00:00+00:00, run_after=2025-06-24 00:00:00+00:00
[2025-06-23T00:00:31.663+0000] {processor.py:183} INFO - Processing /opt/airflow/dags/lifebit_health_analytics_dag.py took 0.096 seconds
[2025-06-23T00:01:01.854+0000] {processor.py:161} INFO - Started process (PID=55899) to work on /opt/airflow/dags/lifebit_health_analytics_dag.py
[2025-06-23T00:01:01.855+0000] {processor.py:830} INFO - Processing file /opt/airflow/dags/lifebit_health_analytics_dag.py for tasks to queue
[2025-06-23T00:01:01.856+0000] {logging_mixin.py:188} INFO - [2025-06-23T00:01:01.856+0000] {dagbag.py:538} INFO - Filling up the DagBag from /opt/airflow/dags/lifebit_health_analytics_dag.py
[2025-06-23T00:01:01.889+0000] {processor.py:840} INFO - DAG(s) 'lifebit_health_analytics_pipeline' retrieved from /opt/airflow/dags/lifebit_health_analytics_dag.py
[2025-06-23T00:01:01.923+0000] {logging_mixin.py:188} INFO - [2025-06-23T00:01:01.922+0000] {dag.py:3036} INFO - Sync 1 DAGs
[2025-06-23T00:01:01.944+0000] {logging_mixin.py:188} INFO - [2025-06-23T00:01:01.944+0000] {dag.py:3823} INFO - Setting next_dagrun for lifebit_health_analytics_pipeline to 2025-06-23 00:00:00+00:00, run_after=2025-06-24 00:00:00+00:00
[2025-06-23T00:01:01.961+0000] {processor.py:183} INFO - Processing /opt/airflow/dags/lifebit_health_analytics_dag.py took 0.112 seconds
[2025-06-23T00:01:32.190+0000] {processor.py:161} INFO - Started process (PID=55910) to work on /opt/airflow/dags/lifebit_health_analytics_dag.py
[2025-06-23T00:01:32.191+0000] {processor.py:830} INFO - Processing file /opt/airflow/dags/lifebit_health_analytics_dag.py for tasks to queue
[2025-06-23T00:01:32.192+0000] {logging_mixin.py:188} INFO - [2025-06-23T00:01:32.192+0000] {dagbag.py:538} INFO - Filling up the DagBag from /opt/airflow/dags/lifebit_health_analytics_dag.py
[2025-06-23T00:01:32.219+0000] {processor.py:840} INFO - DAG(s) 'lifebit_health_analytics_pipeline' retrieved from /opt/airflow/dags/lifebit_health_analytics_dag.py
[2025-06-23T00:01:32.246+0000] {logging_mixin.py:188} INFO - [2025-06-23T00:01:32.245+0000] {dag.py:3036} INFO - Sync 1 DAGs
[2025-06-23T00:01:32.423+0000] {logging_mixin.py:188} INFO - [2025-06-23T00:01:32.422+0000] {dag.py:3823} INFO - Setting next_dagrun for lifebit_health_analytics_pipeline to 2025-06-23 00:00:00+00:00, run_after=2025-06-24 00:00:00+00:00
[2025-06-23T00:01:32.454+0000] {processor.py:183} INFO - Processing /opt/airflow/dags/lifebit_health_analytics_dag.py took 0.267 seconds
[2025-06-23T00:02:02.536+0000] {processor.py:161} INFO - Started process (PID=55921) to work on /opt/airflow/dags/lifebit_health_analytics_dag.py
[2025-06-23T00:02:02.538+0000] {processor.py:830} INFO - Processing file /opt/airflow/dags/lifebit_health_analytics_dag.py for tasks to queue
[2025-06-23T00:02:02.539+0000] {logging_mixin.py:188} INFO - [2025-06-23T00:02:02.539+0000] {dagbag.py:538} INFO - Filling up the DagBag from /opt/airflow/dags/lifebit_health_analytics_dag.py
[2025-06-23T00:02:02.558+0000] {processor.py:840} INFO - DAG(s) 'lifebit_health_analytics_pipeline' retrieved from /opt/airflow/dags/lifebit_health_analytics_dag.py
[2025-06-23T00:02:02.584+0000] {logging_mixin.py:188} INFO - [2025-06-23T00:02:02.583+0000] {dag.py:3036} INFO - Sync 1 DAGs
[2025-06-23T00:02:02.604+0000] {logging_mixin.py:188} INFO - [2025-06-23T00:02:02.604+0000] {dag.py:3823} INFO - Setting next_dagrun for lifebit_health_analytics_pipeline to 2025-06-23 00:00:00+00:00, run_after=2025-06-24 00:00:00+00:00
[2025-06-23T00:02:02.627+0000] {processor.py:183} INFO - Processing /opt/airflow/dags/lifebit_health_analytics_dag.py took 0.094 seconds
[2025-06-23T00:02:32.810+0000] {processor.py:161} INFO - Started process (PID=55932) to work on /opt/airflow/dags/lifebit_health_analytics_dag.py
[2025-06-23T00:02:32.812+0000] {processor.py:830} INFO - Processing file /opt/airflow/dags/lifebit_health_analytics_dag.py for tasks to queue
[2025-06-23T00:02:32.813+0000] {logging_mixin.py:188} INFO - [2025-06-23T00:02:32.813+0000] {dagbag.py:538} INFO - Filling up the DagBag from /opt/airflow/dags/lifebit_health_analytics_dag.py
[2025-06-23T00:02:32.834+0000] {processor.py:840} INFO - DAG(s) 'lifebit_health_analytics_pipeline' retrieved from /opt/airflow/dags/lifebit_health_analytics_dag.py
[2025-06-23T00:02:32.858+0000] {logging_mixin.py:188} INFO - [2025-06-23T00:02:32.858+0000] {dag.py:3036} INFO - Sync 1 DAGs
[2025-06-23T00:02:32.881+0000] {logging_mixin.py:188} INFO - [2025-06-23T00:02:32.881+0000] {dag.py:3823} INFO - Setting next_dagrun for lifebit_health_analytics_pipeline to 2025-06-23 00:00:00+00:00, run_after=2025-06-24 00:00:00+00:00
[2025-06-23T00:02:33.051+0000] {processor.py:183} INFO - Processing /opt/airflow/dags/lifebit_health_analytics_dag.py took 0.245 seconds
[2025-06-23T00:03:03.152+0000] {processor.py:161} INFO - Started process (PID=55943) to work on /opt/airflow/dags/lifebit_health_analytics_dag.py
[2025-06-23T00:03:03.153+0000] {processor.py:830} INFO - Processing file /opt/airflow/dags/lifebit_health_analytics_dag.py for tasks to queue
[2025-06-23T00:03:03.155+0000] {logging_mixin.py:188} INFO - [2025-06-23T00:03:03.154+0000] {dagbag.py:538} INFO - Filling up the DagBag from /opt/airflow/dags/lifebit_health_analytics_dag.py
[2025-06-23T00:03:03.177+0000] {processor.py:840} INFO - DAG(s) 'lifebit_health_analytics_pipeline' retrieved from /opt/airflow/dags/lifebit_health_analytics_dag.py
[2025-06-23T00:03:03.355+0000] {logging_mixin.py:188} INFO - [2025-06-23T00:03:03.355+0000] {dag.py:3036} INFO - Sync 1 DAGs
[2025-06-23T00:03:03.374+0000] {logging_mixin.py:188} INFO - [2025-06-23T00:03:03.373+0000] {dag.py:3823} INFO - Setting next_dagrun for lifebit_health_analytics_pipeline to 2025-06-23 00:00:00+00:00, run_after=2025-06-24 00:00:00+00:00
[2025-06-23T00:03:03.393+0000] {processor.py:183} INFO - Processing /opt/airflow/dags/lifebit_health_analytics_dag.py took 0.250 seconds
[2025-06-23T00:03:33.573+0000] {processor.py:161} INFO - Started process (PID=55954) to work on /opt/airflow/dags/lifebit_health_analytics_dag.py
[2025-06-23T00:03:33.575+0000] {processor.py:830} INFO - Processing file /opt/airflow/dags/lifebit_health_analytics_dag.py for tasks to queue
[2025-06-23T00:03:33.576+0000] {logging_mixin.py:188} INFO - [2025-06-23T00:03:33.576+0000] {dagbag.py:538} INFO - Filling up the DagBag from /opt/airflow/dags/lifebit_health_analytics_dag.py
[2025-06-23T00:03:33.612+0000] {processor.py:840} INFO - DAG(s) 'lifebit_health_analytics_pipeline' retrieved from /opt/airflow/dags/lifebit_health_analytics_dag.py
[2025-06-23T00:03:33.639+0000] {logging_mixin.py:188} INFO - [2025-06-23T00:03:33.639+0000] {dag.py:3036} INFO - Sync 1 DAGs
[2025-06-23T00:03:33.661+0000] {logging_mixin.py:188} INFO - [2025-06-23T00:03:33.661+0000] {dag.py:3823} INFO - Setting next_dagrun for lifebit_health_analytics_pipeline to 2025-06-23 00:00:00+00:00, run_after=2025-06-24 00:00:00+00:00
[2025-06-23T00:03:33.689+0000] {processor.py:183} INFO - Processing /opt/airflow/dags/lifebit_health_analytics_dag.py took 0.119 seconds
[2025-06-23T00:04:03.916+0000] {processor.py:161} INFO - Started process (PID=55965) to work on /opt/airflow/dags/lifebit_health_analytics_dag.py
[2025-06-23T00:04:03.917+0000] {processor.py:830} INFO - Processing file /opt/airflow/dags/lifebit_health_analytics_dag.py for tasks to queue
[2025-06-23T00:04:03.917+0000] {logging_mixin.py:188} INFO - [2025-06-23T00:04:03.917+0000] {dagbag.py:538} INFO - Filling up the DagBag from /opt/airflow/dags/lifebit_health_analytics_dag.py
[2025-06-23T00:04:03.936+0000] {processor.py:840} INFO - DAG(s) 'lifebit_health_analytics_pipeline' retrieved from /opt/airflow/dags/lifebit_health_analytics_dag.py
[2025-06-23T00:04:03.961+0000] {logging_mixin.py:188} INFO - [2025-06-23T00:04:03.961+0000] {dag.py:3036} INFO - Sync 1 DAGs
[2025-06-23T00:04:04.129+0000] {logging_mixin.py:188} INFO - [2025-06-23T00:04:04.129+0000] {dag.py:3823} INFO - Setting next_dagrun for lifebit_health_analytics_pipeline to 2025-06-23 00:00:00+00:00, run_after=2025-06-24 00:00:00+00:00
[2025-06-23T00:04:04.155+0000] {processor.py:183} INFO - Processing /opt/airflow/dags/lifebit_health_analytics_dag.py took 0.242 seconds
[2025-06-23T00:04:34.561+0000] {processor.py:161} INFO - Started process (PID=55976) to work on /opt/airflow/dags/lifebit_health_analytics_dag.py
[2025-06-23T00:04:34.562+0000] {processor.py:830} INFO - Processing file /opt/airflow/dags/lifebit_health_analytics_dag.py for tasks to queue
[2025-06-23T00:04:34.563+0000] {logging_mixin.py:188} INFO - [2025-06-23T00:04:34.563+0000] {dagbag.py:538} INFO - Filling up the DagBag from /opt/airflow/dags/lifebit_health_analytics_dag.py
[2025-06-23T00:04:34.590+0000] {processor.py:840} INFO - DAG(s) 'lifebit_health_analytics_pipeline' retrieved from /opt/airflow/dags/lifebit_health_analytics_dag.py
[2025-06-23T00:04:34.614+0000] {logging_mixin.py:188} INFO - [2025-06-23T00:04:34.613+0000] {dag.py:3036} INFO - Sync 1 DAGs
[2025-06-23T00:04:34.634+0000] {logging_mixin.py:188} INFO - [2025-06-23T00:04:34.634+0000] {dag.py:3823} INFO - Setting next_dagrun for lifebit_health_analytics_pipeline to 2025-06-23 00:00:00+00:00, run_after=2025-06-24 00:00:00+00:00
[2025-06-23T00:04:34.663+0000] {processor.py:183} INFO - Processing /opt/airflow/dags/lifebit_health_analytics_dag.py took 0.104 seconds
[2025-06-23T00:05:04.808+0000] {processor.py:161} INFO - Started process (PID=55987) to work on /opt/airflow/dags/lifebit_health_analytics_dag.py
[2025-06-23T00:05:04.809+0000] {processor.py:830} INFO - Processing file /opt/airflow/dags/lifebit_health_analytics_dag.py for tasks to queue
[2025-06-23T00:05:04.810+0000] {logging_mixin.py:188} INFO - [2025-06-23T00:05:04.809+0000] {dagbag.py:538} INFO - Filling up the DagBag from /opt/airflow/dags/lifebit_health_analytics_dag.py
[2025-06-23T00:05:04.834+0000] {processor.py:840} INFO - DAG(s) 'lifebit_health_analytics_pipeline' retrieved from /opt/airflow/dags/lifebit_health_analytics_dag.py
[2025-06-23T00:05:04.859+0000] {logging_mixin.py:188} INFO - [2025-06-23T00:05:04.859+0000] {dag.py:3036} INFO - Sync 1 DAGs
[2025-06-23T00:05:04.883+0000] {logging_mixin.py:188} INFO - [2025-06-23T00:05:04.882+0000] {dag.py:3823} INFO - Setting next_dagrun for lifebit_health_analytics_pipeline to 2025-06-23 00:00:00+00:00, run_after=2025-06-24 00:00:00+00:00
[2025-06-23T00:05:04.901+0000] {processor.py:183} INFO - Processing /opt/airflow/dags/lifebit_health_analytics_dag.py took 0.097 seconds
[2025-06-23T00:05:35.184+0000] {processor.py:161} INFO - Started process (PID=55998) to work on /opt/airflow/dags/lifebit_health_analytics_dag.py
[2025-06-23T00:05:35.185+0000] {processor.py:830} INFO - Processing file /opt/airflow/dags/lifebit_health_analytics_dag.py for tasks to queue
[2025-06-23T00:05:35.186+0000] {logging_mixin.py:188} INFO - [2025-06-23T00:05:35.186+0000] {dagbag.py:538} INFO - Filling up the DagBag from /opt/airflow/dags/lifebit_health_analytics_dag.py
[2025-06-23T00:05:35.207+0000] {processor.py:840} INFO - DAG(s) 'lifebit_health_analytics_pipeline' retrieved from /opt/airflow/dags/lifebit_health_analytics_dag.py
[2025-06-23T00:05:35.230+0000] {logging_mixin.py:188} INFO - [2025-06-23T00:05:35.230+0000] {dag.py:3036} INFO - Sync 1 DAGs
[2025-06-23T00:05:35.254+0000] {logging_mixin.py:188} INFO - [2025-06-23T00:05:35.253+0000] {dag.py:3823} INFO - Setting next_dagrun for lifebit_health_analytics_pipeline to 2025-06-23 00:00:00+00:00, run_after=2025-06-24 00:00:00+00:00
[2025-06-23T00:05:35.275+0000] {processor.py:183} INFO - Processing /opt/airflow/dags/lifebit_health_analytics_dag.py took 0.095 seconds
[2025-06-23T00:06:05.434+0000] {processor.py:161} INFO - Started process (PID=56009) to work on /opt/airflow/dags/lifebit_health_analytics_dag.py
[2025-06-23T00:06:05.437+0000] {processor.py:830} INFO - Processing file /opt/airflow/dags/lifebit_health_analytics_dag.py for tasks to queue
[2025-06-23T00:06:05.438+0000] {logging_mixin.py:188} INFO - [2025-06-23T00:06:05.437+0000] {dagbag.py:538} INFO - Filling up the DagBag from /opt/airflow/dags/lifebit_health_analytics_dag.py
[2025-06-23T00:06:05.470+0000] {processor.py:840} INFO - DAG(s) 'lifebit_health_analytics_pipeline' retrieved from /opt/airflow/dags/lifebit_health_analytics_dag.py
[2025-06-23T00:06:05.495+0000] {logging_mixin.py:188} INFO - [2025-06-23T00:06:05.495+0000] {dag.py:3036} INFO - Sync 1 DAGs
[2025-06-23T00:06:05.517+0000] {logging_mixin.py:188} INFO - [2025-06-23T00:06:05.517+0000] {dag.py:3823} INFO - Setting next_dagrun for lifebit_health_analytics_pipeline to 2025-06-23 00:00:00+00:00, run_after=2025-06-24 00:00:00+00:00
[2025-06-23T00:06:05.540+0000] {processor.py:183} INFO - Processing /opt/airflow/dags/lifebit_health_analytics_dag.py took 0.110 seconds
[2025-06-23T00:06:35.811+0000] {processor.py:161} INFO - Started process (PID=56020) to work on /opt/airflow/dags/lifebit_health_analytics_dag.py
[2025-06-23T00:06:35.812+0000] {processor.py:830} INFO - Processing file /opt/airflow/dags/lifebit_health_analytics_dag.py for tasks to queue
[2025-06-23T00:06:35.814+0000] {logging_mixin.py:188} INFO - [2025-06-23T00:06:35.813+0000] {dagbag.py:538} INFO - Filling up the DagBag from /opt/airflow/dags/lifebit_health_analytics_dag.py
[2025-06-23T00:06:35.833+0000] {processor.py:840} INFO - DAG(s) 'lifebit_health_analytics_pipeline' retrieved from /opt/airflow/dags/lifebit_health_analytics_dag.py
[2025-06-23T00:06:35.858+0000] {logging_mixin.py:188} INFO - [2025-06-23T00:06:35.858+0000] {dag.py:3036} INFO - Sync 1 DAGs
[2025-06-23T00:06:35.879+0000] {logging_mixin.py:188} INFO - [2025-06-23T00:06:35.879+0000] {dag.py:3823} INFO - Setting next_dagrun for lifebit_health_analytics_pipeline to 2025-06-23 00:00:00+00:00, run_after=2025-06-24 00:00:00+00:00
[2025-06-23T00:06:35.897+0000] {processor.py:183} INFO - Processing /opt/airflow/dags/lifebit_health_analytics_dag.py took 0.088 seconds
[2025-06-23T00:07:06.080+0000] {processor.py:161} INFO - Started process (PID=56031) to work on /opt/airflow/dags/lifebit_health_analytics_dag.py
[2025-06-23T00:07:06.081+0000] {processor.py:830} INFO - Processing file /opt/airflow/dags/lifebit_health_analytics_dag.py for tasks to queue
[2025-06-23T00:07:06.081+0000] {logging_mixin.py:188} INFO - [2025-06-23T00:07:06.081+0000] {dagbag.py:538} INFO - Filling up the DagBag from /opt/airflow/dags/lifebit_health_analytics_dag.py
[2025-06-23T00:07:06.101+0000] {processor.py:840} INFO - DAG(s) 'lifebit_health_analytics_pipeline' retrieved from /opt/airflow/dags/lifebit_health_analytics_dag.py
[2025-06-23T00:07:06.127+0000] {logging_mixin.py:188} INFO - [2025-06-23T00:07:06.127+0000] {dag.py:3036} INFO - Sync 1 DAGs
[2025-06-23T00:07:06.146+0000] {logging_mixin.py:188} INFO - [2025-06-23T00:07:06.146+0000] {dag.py:3823} INFO - Setting next_dagrun for lifebit_health_analytics_pipeline to 2025-06-23 00:00:00+00:00, run_after=2025-06-24 00:00:00+00:00
[2025-06-23T00:07:06.164+0000] {processor.py:183} INFO - Processing /opt/airflow/dags/lifebit_health_analytics_dag.py took 0.088 seconds
[2025-06-23T00:07:36.385+0000] {processor.py:161} INFO - Started process (PID=56042) to work on /opt/airflow/dags/lifebit_health_analytics_dag.py
[2025-06-23T00:07:36.386+0000] {processor.py:830} INFO - Processing file /opt/airflow/dags/lifebit_health_analytics_dag.py for tasks to queue
[2025-06-23T00:07:36.389+0000] {logging_mixin.py:188} INFO - [2025-06-23T00:07:36.388+0000] {dagbag.py:538} INFO - Filling up the DagBag from /opt/airflow/dags/lifebit_health_analytics_dag.py
[2025-06-23T00:07:36.409+0000] {processor.py:840} INFO - DAG(s) 'lifebit_health_analytics_pipeline' retrieved from /opt/airflow/dags/lifebit_health_analytics_dag.py
[2025-06-23T00:07:36.432+0000] {logging_mixin.py:188} INFO - [2025-06-23T00:07:36.431+0000] {dag.py:3036} INFO - Sync 1 DAGs
[2025-06-23T00:07:36.451+0000] {logging_mixin.py:188} INFO - [2025-06-23T00:07:36.451+0000] {dag.py:3823} INFO - Setting next_dagrun for lifebit_health_analytics_pipeline to 2025-06-23 00:00:00+00:00, run_after=2025-06-24 00:00:00+00:00
[2025-06-23T00:07:36.481+0000] {processor.py:183} INFO - Processing /opt/airflow/dags/lifebit_health_analytics_dag.py took 0.100 seconds
[2025-06-23T00:08:06.656+0000] {processor.py:161} INFO - Started process (PID=56053) to work on /opt/airflow/dags/lifebit_health_analytics_dag.py
[2025-06-23T00:08:06.657+0000] {processor.py:830} INFO - Processing file /opt/airflow/dags/lifebit_health_analytics_dag.py for tasks to queue
[2025-06-23T00:08:06.658+0000] {logging_mixin.py:188} INFO - [2025-06-23T00:08:06.657+0000] {dagbag.py:538} INFO - Filling up the DagBag from /opt/airflow/dags/lifebit_health_analytics_dag.py
[2025-06-23T00:08:06.677+0000] {processor.py:840} INFO - DAG(s) 'lifebit_health_analytics_pipeline' retrieved from /opt/airflow/dags/lifebit_health_analytics_dag.py
[2025-06-23T00:08:06.706+0000] {logging_mixin.py:188} INFO - [2025-06-23T00:08:06.706+0000] {dag.py:3036} INFO - Sync 1 DAGs
[2025-06-23T00:08:06.726+0000] {logging_mixin.py:188} INFO - [2025-06-23T00:08:06.725+0000] {dag.py:3823} INFO - Setting next_dagrun for lifebit_health_analytics_pipeline to 2025-06-23 00:00:00+00:00, run_after=2025-06-24 00:00:00+00:00
[2025-06-23T00:08:06.746+0000] {processor.py:183} INFO - Processing /opt/airflow/dags/lifebit_health_analytics_dag.py took 0.093 seconds
[2025-06-23T00:08:37.052+0000] {processor.py:161} INFO - Started process (PID=56064) to work on /opt/airflow/dags/lifebit_health_analytics_dag.py
[2025-06-23T00:08:37.054+0000] {processor.py:830} INFO - Processing file /opt/airflow/dags/lifebit_health_analytics_dag.py for tasks to queue
[2025-06-23T00:08:37.055+0000] {logging_mixin.py:188} INFO - [2025-06-23T00:08:37.055+0000] {dagbag.py:538} INFO - Filling up the DagBag from /opt/airflow/dags/lifebit_health_analytics_dag.py
[2025-06-23T00:08:37.076+0000] {processor.py:840} INFO - DAG(s) 'lifebit_health_analytics_pipeline' retrieved from /opt/airflow/dags/lifebit_health_analytics_dag.py
[2025-06-23T00:08:37.101+0000] {logging_mixin.py:188} INFO - [2025-06-23T00:08:37.101+0000] {dag.py:3036} INFO - Sync 1 DAGs
[2025-06-23T00:08:37.122+0000] {logging_mixin.py:188} INFO - [2025-06-23T00:08:37.122+0000] {dag.py:3823} INFO - Setting next_dagrun for lifebit_health_analytics_pipeline to 2025-06-23 00:00:00+00:00, run_after=2025-06-24 00:00:00+00:00
[2025-06-23T00:08:37.140+0000] {processor.py:183} INFO - Processing /opt/airflow/dags/lifebit_health_analytics_dag.py took 0.091 seconds
[2025-06-23T00:09:07.294+0000] {processor.py:161} INFO - Started process (PID=56075) to work on /opt/airflow/dags/lifebit_health_analytics_dag.py
[2025-06-23T00:09:07.297+0000] {processor.py:830} INFO - Processing file /opt/airflow/dags/lifebit_health_analytics_dag.py for tasks to queue
[2025-06-23T00:09:07.299+0000] {logging_mixin.py:188} INFO - [2025-06-23T00:09:07.298+0000] {dagbag.py:538} INFO - Filling up the DagBag from /opt/airflow/dags/lifebit_health_analytics_dag.py
[2025-06-23T00:09:07.323+0000] {processor.py:840} INFO - DAG(s) 'lifebit_health_analytics_pipeline' retrieved from /opt/airflow/dags/lifebit_health_analytics_dag.py
[2025-06-23T00:09:07.346+0000] {logging_mixin.py:188} INFO - [2025-06-23T00:09:07.346+0000] {dag.py:3036} INFO - Sync 1 DAGs
[2025-06-23T00:09:07.370+0000] {logging_mixin.py:188} INFO - [2025-06-23T00:09:07.370+0000] {dag.py:3823} INFO - Setting next_dagrun for lifebit_health_analytics_pipeline to 2025-06-23 00:00:00+00:00, run_after=2025-06-24 00:00:00+00:00
[2025-06-23T00:09:07.396+0000] {processor.py:183} INFO - Processing /opt/airflow/dags/lifebit_health_analytics_dag.py took 0.106 seconds
[2025-06-23T00:09:37.741+0000] {processor.py:161} INFO - Started process (PID=56086) to work on /opt/airflow/dags/lifebit_health_analytics_dag.py
[2025-06-23T00:09:37.745+0000] {processor.py:830} INFO - Processing file /opt/airflow/dags/lifebit_health_analytics_dag.py for tasks to queue
[2025-06-23T00:09:37.749+0000] {logging_mixin.py:188} INFO - [2025-06-23T00:09:37.747+0000] {dagbag.py:538} INFO - Filling up the DagBag from /opt/airflow/dags/lifebit_health_analytics_dag.py
[2025-06-23T00:09:37.830+0000] {processor.py:840} INFO - DAG(s) 'lifebit_health_analytics_pipeline' retrieved from /opt/airflow/dags/lifebit_health_analytics_dag.py
[2025-06-23T00:09:37.859+0000] {logging_mixin.py:188} INFO - [2025-06-23T00:09:37.859+0000] {dag.py:3036} INFO - Sync 1 DAGs
[2025-06-23T00:09:37.880+0000] {logging_mixin.py:188} INFO - [2025-06-23T00:09:37.880+0000] {dag.py:3823} INFO - Setting next_dagrun for lifebit_health_analytics_pipeline to 2025-06-23 00:00:00+00:00, run_after=2025-06-24 00:00:00+00:00
[2025-06-23T00:09:37.900+0000] {processor.py:183} INFO - Processing /opt/airflow/dags/lifebit_health_analytics_dag.py took 0.165 seconds
[2025-06-23T00:10:07.968+0000] {processor.py:161} INFO - Started process (PID=56097) to work on /opt/airflow/dags/lifebit_health_analytics_dag.py
[2025-06-23T00:10:07.969+0000] {processor.py:830} INFO - Processing file /opt/airflow/dags/lifebit_health_analytics_dag.py for tasks to queue
[2025-06-23T00:10:07.970+0000] {logging_mixin.py:188} INFO - [2025-06-23T00:10:07.970+0000] {dagbag.py:538} INFO - Filling up the DagBag from /opt/airflow/dags/lifebit_health_analytics_dag.py
[2025-06-23T00:10:07.998+0000] {processor.py:840} INFO - DAG(s) 'lifebit_health_analytics_pipeline' retrieved from /opt/airflow/dags/lifebit_health_analytics_dag.py
[2025-06-23T00:10:08.026+0000] {logging_mixin.py:188} INFO - [2025-06-23T00:10:08.025+0000] {dag.py:3036} INFO - Sync 1 DAGs
[2025-06-23T00:10:08.049+0000] {logging_mixin.py:188} INFO - [2025-06-23T00:10:08.049+0000] {dag.py:3823} INFO - Setting next_dagrun for lifebit_health_analytics_pipeline to 2025-06-23 00:00:00+00:00, run_after=2025-06-24 00:00:00+00:00
[2025-06-23T00:10:08.069+0000] {processor.py:183} INFO - Processing /opt/airflow/dags/lifebit_health_analytics_dag.py took 0.104 seconds
[2025-06-23T00:10:38.225+0000] {processor.py:161} INFO - Started process (PID=56114) to work on /opt/airflow/dags/lifebit_health_analytics_dag.py
[2025-06-23T00:10:38.226+0000] {processor.py:830} INFO - Processing file /opt/airflow/dags/lifebit_health_analytics_dag.py for tasks to queue
[2025-06-23T00:10:38.227+0000] {logging_mixin.py:188} INFO - [2025-06-23T00:10:38.227+0000] {dagbag.py:538} INFO - Filling up the DagBag from /opt/airflow/dags/lifebit_health_analytics_dag.py
[2025-06-23T00:10:38.247+0000] {processor.py:840} INFO - DAG(s) 'lifebit_health_analytics_pipeline' retrieved from /opt/airflow/dags/lifebit_health_analytics_dag.py
[2025-06-23T00:10:38.273+0000] {logging_mixin.py:188} INFO - [2025-06-23T00:10:38.273+0000] {dag.py:3036} INFO - Sync 1 DAGs
[2025-06-23T00:10:38.295+0000] {logging_mixin.py:188} INFO - [2025-06-23T00:10:38.295+0000] {dag.py:3823} INFO - Setting next_dagrun for lifebit_health_analytics_pipeline to 2025-06-23 00:00:00+00:00, run_after=2025-06-24 00:00:00+00:00
[2025-06-23T00:10:38.323+0000] {processor.py:183} INFO - Processing /opt/airflow/dags/lifebit_health_analytics_dag.py took 0.101 seconds
[2025-06-23T00:11:08.574+0000] {processor.py:161} INFO - Started process (PID=56125) to work on /opt/airflow/dags/lifebit_health_analytics_dag.py
[2025-06-23T00:11:08.576+0000] {processor.py:830} INFO - Processing file /opt/airflow/dags/lifebit_health_analytics_dag.py for tasks to queue
[2025-06-23T00:11:08.577+0000] {logging_mixin.py:188} INFO - [2025-06-23T00:11:08.576+0000] {dagbag.py:538} INFO - Filling up the DagBag from /opt/airflow/dags/lifebit_health_analytics_dag.py
[2025-06-23T00:11:08.595+0000] {processor.py:840} INFO - DAG(s) 'lifebit_health_analytics_pipeline' retrieved from /opt/airflow/dags/lifebit_health_analytics_dag.py
[2025-06-23T00:11:08.617+0000] {logging_mixin.py:188} INFO - [2025-06-23T00:11:08.617+0000] {dag.py:3036} INFO - Sync 1 DAGs
[2025-06-23T00:11:08.637+0000] {logging_mixin.py:188} INFO - [2025-06-23T00:11:08.637+0000] {dag.py:3823} INFO - Setting next_dagrun for lifebit_health_analytics_pipeline to 2025-06-23 00:00:00+00:00, run_after=2025-06-24 00:00:00+00:00
[2025-06-23T00:11:08.657+0000] {processor.py:183} INFO - Processing /opt/airflow/dags/lifebit_health_analytics_dag.py took 0.087 seconds
[2025-06-23T00:11:38.853+0000] {processor.py:161} INFO - Started process (PID=56136) to work on /opt/airflow/dags/lifebit_health_analytics_dag.py
[2025-06-23T00:11:38.855+0000] {processor.py:830} INFO - Processing file /opt/airflow/dags/lifebit_health_analytics_dag.py for tasks to queue
[2025-06-23T00:11:38.856+0000] {logging_mixin.py:188} INFO - [2025-06-23T00:11:38.856+0000] {dagbag.py:538} INFO - Filling up the DagBag from /opt/airflow/dags/lifebit_health_analytics_dag.py
[2025-06-23T00:11:38.877+0000] {processor.py:840} INFO - DAG(s) 'lifebit_health_analytics_pipeline' retrieved from /opt/airflow/dags/lifebit_health_analytics_dag.py
[2025-06-23T00:11:38.902+0000] {logging_mixin.py:188} INFO - [2025-06-23T00:11:38.902+0000] {dag.py:3036} INFO - Sync 1 DAGs
[2025-06-23T00:11:38.925+0000] {logging_mixin.py:188} INFO - [2025-06-23T00:11:38.924+0000] {dag.py:3823} INFO - Setting next_dagrun for lifebit_health_analytics_pipeline to 2025-06-23 00:00:00+00:00, run_after=2025-06-24 00:00:00+00:00
[2025-06-23T00:11:38.945+0000] {processor.py:183} INFO - Processing /opt/airflow/dags/lifebit_health_analytics_dag.py took 0.096 seconds
[2025-06-23T00:12:09.158+0000] {processor.py:161} INFO - Started process (PID=56147) to work on /opt/airflow/dags/lifebit_health_analytics_dag.py
[2025-06-23T00:12:09.159+0000] {processor.py:830} INFO - Processing file /opt/airflow/dags/lifebit_health_analytics_dag.py for tasks to queue
[2025-06-23T00:12:09.160+0000] {logging_mixin.py:188} INFO - [2025-06-23T00:12:09.159+0000] {dagbag.py:538} INFO - Filling up the DagBag from /opt/airflow/dags/lifebit_health_analytics_dag.py
[2025-06-23T00:12:09.180+0000] {processor.py:840} INFO - DAG(s) 'lifebit_health_analytics_pipeline' retrieved from /opt/airflow/dags/lifebit_health_analytics_dag.py
[2025-06-23T00:12:09.208+0000] {logging_mixin.py:188} INFO - [2025-06-23T00:12:09.207+0000] {dag.py:3036} INFO - Sync 1 DAGs
[2025-06-23T00:12:09.228+0000] {logging_mixin.py:188} INFO - [2025-06-23T00:12:09.228+0000] {dag.py:3823} INFO - Setting next_dagrun for lifebit_health_analytics_pipeline to 2025-06-23 00:00:00+00:00, run_after=2025-06-24 00:00:00+00:00
[2025-06-23T00:12:09.255+0000] {processor.py:183} INFO - Processing /opt/airflow/dags/lifebit_health_analytics_dag.py took 0.101 seconds
[2025-06-23T00:12:39.406+0000] {processor.py:161} INFO - Started process (PID=56158) to work on /opt/airflow/dags/lifebit_health_analytics_dag.py
[2025-06-23T00:12:39.407+0000] {processor.py:830} INFO - Processing file /opt/airflow/dags/lifebit_health_analytics_dag.py for tasks to queue
[2025-06-23T00:12:39.408+0000] {logging_mixin.py:188} INFO - [2025-06-23T00:12:39.408+0000] {dagbag.py:538} INFO - Filling up the DagBag from /opt/airflow/dags/lifebit_health_analytics_dag.py
[2025-06-23T00:12:39.427+0000] {processor.py:840} INFO - DAG(s) 'lifebit_health_analytics_pipeline' retrieved from /opt/airflow/dags/lifebit_health_analytics_dag.py
[2025-06-23T00:12:39.451+0000] {logging_mixin.py:188} INFO - [2025-06-23T00:12:39.451+0000] {dag.py:3036} INFO - Sync 1 DAGs
[2025-06-23T00:12:39.475+0000] {logging_mixin.py:188} INFO - [2025-06-23T00:12:39.475+0000] {dag.py:3823} INFO - Setting next_dagrun for lifebit_health_analytics_pipeline to 2025-06-23 00:00:00+00:00, run_after=2025-06-24 00:00:00+00:00
[2025-06-23T00:12:39.495+0000] {processor.py:183} INFO - Processing /opt/airflow/dags/lifebit_health_analytics_dag.py took 0.093 seconds
[2025-06-23T00:13:09.771+0000] {processor.py:161} INFO - Started process (PID=56169) to work on /opt/airflow/dags/lifebit_health_analytics_dag.py
[2025-06-23T00:13:09.772+0000] {processor.py:830} INFO - Processing file /opt/airflow/dags/lifebit_health_analytics_dag.py for tasks to queue
[2025-06-23T00:13:09.773+0000] {logging_mixin.py:188} INFO - [2025-06-23T00:13:09.773+0000] {dagbag.py:538} INFO - Filling up the DagBag from /opt/airflow/dags/lifebit_health_analytics_dag.py
[2025-06-23T00:13:09.812+0000] {processor.py:840} INFO - DAG(s) 'lifebit_health_analytics_pipeline' retrieved from /opt/airflow/dags/lifebit_health_analytics_dag.py
[2025-06-23T00:13:09.841+0000] {logging_mixin.py:188} INFO - [2025-06-23T00:13:09.840+0000] {dag.py:3036} INFO - Sync 1 DAGs
[2025-06-23T00:13:09.865+0000] {logging_mixin.py:188} INFO - [2025-06-23T00:13:09.864+0000] {dag.py:3823} INFO - Setting next_dagrun for lifebit_health_analytics_pipeline to 2025-06-23 00:00:00+00:00, run_after=2025-06-24 00:00:00+00:00
[2025-06-23T00:13:09.895+0000] {processor.py:183} INFO - Processing /opt/airflow/dags/lifebit_health_analytics_dag.py took 0.127 seconds
[2025-06-23T00:13:40.025+0000] {processor.py:161} INFO - Started process (PID=56180) to work on /opt/airflow/dags/lifebit_health_analytics_dag.py
[2025-06-23T00:13:40.026+0000] {processor.py:830} INFO - Processing file /opt/airflow/dags/lifebit_health_analytics_dag.py for tasks to queue
[2025-06-23T00:13:40.027+0000] {logging_mixin.py:188} INFO - [2025-06-23T00:13:40.027+0000] {dagbag.py:538} INFO - Filling up the DagBag from /opt/airflow/dags/lifebit_health_analytics_dag.py
[2025-06-23T00:13:40.052+0000] {processor.py:840} INFO - DAG(s) 'lifebit_health_analytics_pipeline' retrieved from /opt/airflow/dags/lifebit_health_analytics_dag.py
[2025-06-23T00:13:40.080+0000] {logging_mixin.py:188} INFO - [2025-06-23T00:13:40.079+0000] {dag.py:3036} INFO - Sync 1 DAGs
[2025-06-23T00:13:40.103+0000] {logging_mixin.py:188} INFO - [2025-06-23T00:13:40.103+0000] {dag.py:3823} INFO - Setting next_dagrun for lifebit_health_analytics_pipeline to 2025-06-23 00:00:00+00:00, run_after=2025-06-24 00:00:00+00:00
[2025-06-23T00:13:40.124+0000] {processor.py:183} INFO - Processing /opt/airflow/dags/lifebit_health_analytics_dag.py took 0.103 seconds
[2025-06-23T00:14:10.309+0000] {processor.py:161} INFO - Started process (PID=56191) to work on /opt/airflow/dags/lifebit_health_analytics_dag.py
[2025-06-23T00:14:10.311+0000] {processor.py:830} INFO - Processing file /opt/airflow/dags/lifebit_health_analytics_dag.py for tasks to queue
[2025-06-23T00:14:10.313+0000] {logging_mixin.py:188} INFO - [2025-06-23T00:14:10.313+0000] {dagbag.py:538} INFO - Filling up the DagBag from /opt/airflow/dags/lifebit_health_analytics_dag.py
[2025-06-23T00:14:10.343+0000] {processor.py:840} INFO - DAG(s) 'lifebit_health_analytics_pipeline' retrieved from /opt/airflow/dags/lifebit_health_analytics_dag.py
[2025-06-23T00:14:10.366+0000] {logging_mixin.py:188} INFO - [2025-06-23T00:14:10.366+0000] {dag.py:3036} INFO - Sync 1 DAGs
[2025-06-23T00:14:10.387+0000] {logging_mixin.py:188} INFO - [2025-06-23T00:14:10.387+0000] {dag.py:3823} INFO - Setting next_dagrun for lifebit_health_analytics_pipeline to 2025-06-23 00:00:00+00:00, run_after=2025-06-24 00:00:00+00:00
[2025-06-23T00:14:10.415+0000] {processor.py:183} INFO - Processing /opt/airflow/dags/lifebit_health_analytics_dag.py took 0.114 seconds
[2025-06-23T00:14:40.631+0000] {processor.py:161} INFO - Started process (PID=56202) to work on /opt/airflow/dags/lifebit_health_analytics_dag.py
[2025-06-23T00:14:40.632+0000] {processor.py:830} INFO - Processing file /opt/airflow/dags/lifebit_health_analytics_dag.py for tasks to queue
[2025-06-23T00:14:40.633+0000] {logging_mixin.py:188} INFO - [2025-06-23T00:14:40.632+0000] {dagbag.py:538} INFO - Filling up the DagBag from /opt/airflow/dags/lifebit_health_analytics_dag.py
[2025-06-23T00:14:40.654+0000] {processor.py:840} INFO - DAG(s) 'lifebit_health_analytics_pipeline' retrieved from /opt/airflow/dags/lifebit_health_analytics_dag.py
[2025-06-23T00:14:40.681+0000] {logging_mixin.py:188} INFO - [2025-06-23T00:14:40.680+0000] {dag.py:3036} INFO - Sync 1 DAGs
[2025-06-23T00:14:40.702+0000] {logging_mixin.py:188} INFO - [2025-06-23T00:14:40.702+0000] {dag.py:3823} INFO - Setting next_dagrun for lifebit_health_analytics_pipeline to 2025-06-23 00:00:00+00:00, run_after=2025-06-24 00:00:00+00:00
[2025-06-23T00:14:40.722+0000] {processor.py:183} INFO - Processing /opt/airflow/dags/lifebit_health_analytics_dag.py took 0.095 seconds
[2025-06-23T00:15:10.901+0000] {processor.py:161} INFO - Started process (PID=56213) to work on /opt/airflow/dags/lifebit_health_analytics_dag.py
[2025-06-23T00:15:10.903+0000] {processor.py:830} INFO - Processing file /opt/airflow/dags/lifebit_health_analytics_dag.py for tasks to queue
[2025-06-23T00:15:10.904+0000] {logging_mixin.py:188} INFO - [2025-06-23T00:15:10.903+0000] {dagbag.py:538} INFO - Filling up the DagBag from /opt/airflow/dags/lifebit_health_analytics_dag.py
[2025-06-23T00:15:10.933+0000] {processor.py:840} INFO - DAG(s) 'lifebit_health_analytics_pipeline' retrieved from /opt/airflow/dags/lifebit_health_analytics_dag.py
[2025-06-23T00:15:10.968+0000] {logging_mixin.py:188} INFO - [2025-06-23T00:15:10.967+0000] {dag.py:3036} INFO - Sync 1 DAGs
[2025-06-23T00:15:11.006+0000] {logging_mixin.py:188} INFO - [2025-06-23T00:15:11.006+0000] {dag.py:3823} INFO - Setting next_dagrun for lifebit_health_analytics_pipeline to 2025-06-23 00:00:00+00:00, run_after=2025-06-24 00:00:00+00:00
[2025-06-23T00:15:11.033+0000] {processor.py:183} INFO - Processing /opt/airflow/dags/lifebit_health_analytics_dag.py took 0.136 seconds
[2025-06-23T00:15:41.219+0000] {processor.py:161} INFO - Started process (PID=56224) to work on /opt/airflow/dags/lifebit_health_analytics_dag.py
[2025-06-23T00:15:41.220+0000] {processor.py:830} INFO - Processing file /opt/airflow/dags/lifebit_health_analytics_dag.py for tasks to queue
[2025-06-23T00:15:41.223+0000] {logging_mixin.py:188} INFO - [2025-06-23T00:15:41.222+0000] {dagbag.py:538} INFO - Filling up the DagBag from /opt/airflow/dags/lifebit_health_analytics_dag.py
[2025-06-23T00:15:41.283+0000] {processor.py:840} INFO - DAG(s) 'lifebit_health_analytics_pipeline' retrieved from /opt/airflow/dags/lifebit_health_analytics_dag.py
[2025-06-23T00:15:41.308+0000] {logging_mixin.py:188} INFO - [2025-06-23T00:15:41.308+0000] {dag.py:3036} INFO - Sync 1 DAGs
[2025-06-23T00:15:41.330+0000] {logging_mixin.py:188} INFO - [2025-06-23T00:15:41.330+0000] {dag.py:3823} INFO - Setting next_dagrun for lifebit_health_analytics_pipeline to 2025-06-23 00:00:00+00:00, run_after=2025-06-24 00:00:00+00:00
[2025-06-23T00:15:41.350+0000] {processor.py:183} INFO - Processing /opt/airflow/dags/lifebit_health_analytics_dag.py took 0.137 seconds
[2025-06-23T00:16:11.531+0000] {processor.py:161} INFO - Started process (PID=56235) to work on /opt/airflow/dags/lifebit_health_analytics_dag.py
[2025-06-23T00:16:11.534+0000] {processor.py:830} INFO - Processing file /opt/airflow/dags/lifebit_health_analytics_dag.py for tasks to queue
[2025-06-23T00:16:11.535+0000] {logging_mixin.py:188} INFO - [2025-06-23T00:16:11.535+0000] {dagbag.py:538} INFO - Filling up the DagBag from /opt/airflow/dags/lifebit_health_analytics_dag.py
[2025-06-23T00:16:11.569+0000] {processor.py:840} INFO - DAG(s) 'lifebit_health_analytics_pipeline' retrieved from /opt/airflow/dags/lifebit_health_analytics_dag.py
[2025-06-23T00:16:11.595+0000] {logging_mixin.py:188} INFO - [2025-06-23T00:16:11.595+0000] {dag.py:3036} INFO - Sync 1 DAGs
[2025-06-23T00:16:11.620+0000] {logging_mixin.py:188} INFO - [2025-06-23T00:16:11.619+0000] {dag.py:3823} INFO - Setting next_dagrun for lifebit_health_analytics_pipeline to 2025-06-23 00:00:00+00:00, run_after=2025-06-24 00:00:00+00:00
[2025-06-23T00:16:11.640+0000] {processor.py:183} INFO - Processing /opt/airflow/dags/lifebit_health_analytics_dag.py took 0.113 seconds
[2025-06-23T00:16:41.948+0000] {processor.py:161} INFO - Started process (PID=56246) to work on /opt/airflow/dags/lifebit_health_analytics_dag.py
[2025-06-23T00:16:41.951+0000] {processor.py:830} INFO - Processing file /opt/airflow/dags/lifebit_health_analytics_dag.py for tasks to queue
[2025-06-23T00:16:41.955+0000] {logging_mixin.py:188} INFO - [2025-06-23T00:16:41.954+0000] {dagbag.py:538} INFO - Filling up the DagBag from /opt/airflow/dags/lifebit_health_analytics_dag.py
[2025-06-23T00:16:42.033+0000] {processor.py:840} INFO - DAG(s) 'lifebit_health_analytics_pipeline' retrieved from /opt/airflow/dags/lifebit_health_analytics_dag.py
[2025-06-23T00:16:42.063+0000] {logging_mixin.py:188} INFO - [2025-06-23T00:16:42.063+0000] {dag.py:3036} INFO - Sync 1 DAGs
[2025-06-23T00:16:42.088+0000] {logging_mixin.py:188} INFO - [2025-06-23T00:16:42.088+0000] {dag.py:3823} INFO - Setting next_dagrun for lifebit_health_analytics_pipeline to 2025-06-23 00:00:00+00:00, run_after=2025-06-24 00:00:00+00:00
[2025-06-23T00:16:42.117+0000] {processor.py:183} INFO - Processing /opt/airflow/dags/lifebit_health_analytics_dag.py took 0.175 seconds
[2025-06-23T00:17:12.178+0000] {processor.py:161} INFO - Started process (PID=56257) to work on /opt/airflow/dags/lifebit_health_analytics_dag.py
[2025-06-23T00:17:12.179+0000] {processor.py:830} INFO - Processing file /opt/airflow/dags/lifebit_health_analytics_dag.py for tasks to queue
[2025-06-23T00:17:12.181+0000] {logging_mixin.py:188} INFO - [2025-06-23T00:17:12.180+0000] {dagbag.py:538} INFO - Filling up the DagBag from /opt/airflow/dags/lifebit_health_analytics_dag.py
[2025-06-23T00:17:12.205+0000] {processor.py:840} INFO - DAG(s) 'lifebit_health_analytics_pipeline' retrieved from /opt/airflow/dags/lifebit_health_analytics_dag.py
[2025-06-23T00:17:12.231+0000] {logging_mixin.py:188} INFO - [2025-06-23T00:17:12.231+0000] {dag.py:3036} INFO - Sync 1 DAGs
[2025-06-23T00:17:12.258+0000] {logging_mixin.py:188} INFO - [2025-06-23T00:17:12.258+0000] {dag.py:3823} INFO - Setting next_dagrun for lifebit_health_analytics_pipeline to 2025-06-23 00:00:00+00:00, run_after=2025-06-24 00:00:00+00:00
[2025-06-23T00:17:12.279+0000] {processor.py:183} INFO - Processing /opt/airflow/dags/lifebit_health_analytics_dag.py took 0.104 seconds
[2025-06-23T00:17:42.450+0000] {processor.py:161} INFO - Started process (PID=56268) to work on /opt/airflow/dags/lifebit_health_analytics_dag.py
[2025-06-23T00:17:42.451+0000] {processor.py:830} INFO - Processing file /opt/airflow/dags/lifebit_health_analytics_dag.py for tasks to queue
[2025-06-23T00:17:42.453+0000] {logging_mixin.py:188} INFO - [2025-06-23T00:17:42.452+0000] {dagbag.py:538} INFO - Filling up the DagBag from /opt/airflow/dags/lifebit_health_analytics_dag.py
[2025-06-23T00:17:42.489+0000] {processor.py:840} INFO - DAG(s) 'lifebit_health_analytics_pipeline' retrieved from /opt/airflow/dags/lifebit_health_analytics_dag.py
[2025-06-23T00:17:42.514+0000] {logging_mixin.py:188} INFO - [2025-06-23T00:17:42.514+0000] {dag.py:3036} INFO - Sync 1 DAGs
[2025-06-23T00:17:42.534+0000] {logging_mixin.py:188} INFO - [2025-06-23T00:17:42.534+0000] {dag.py:3823} INFO - Setting next_dagrun for lifebit_health_analytics_pipeline to 2025-06-23 00:00:00+00:00, run_after=2025-06-24 00:00:00+00:00
[2025-06-23T00:17:42.560+0000] {processor.py:183} INFO - Processing /opt/airflow/dags/lifebit_health_analytics_dag.py took 0.115 seconds
[2025-06-23T00:18:12.823+0000] {processor.py:161} INFO - Started process (PID=56279) to work on /opt/airflow/dags/lifebit_health_analytics_dag.py
[2025-06-23T00:18:12.824+0000] {processor.py:830} INFO - Processing file /opt/airflow/dags/lifebit_health_analytics_dag.py for tasks to queue
[2025-06-23T00:18:12.825+0000] {logging_mixin.py:188} INFO - [2025-06-23T00:18:12.825+0000] {dagbag.py:538} INFO - Filling up the DagBag from /opt/airflow/dags/lifebit_health_analytics_dag.py
[2025-06-23T00:18:12.849+0000] {processor.py:840} INFO - DAG(s) 'lifebit_health_analytics_pipeline' retrieved from /opt/airflow/dags/lifebit_health_analytics_dag.py
[2025-06-23T00:18:12.879+0000] {logging_mixin.py:188} INFO - [2025-06-23T00:18:12.878+0000] {dag.py:3036} INFO - Sync 1 DAGs
[2025-06-23T00:18:12.902+0000] {logging_mixin.py:188} INFO - [2025-06-23T00:18:12.902+0000] {dag.py:3823} INFO - Setting next_dagrun for lifebit_health_analytics_pipeline to 2025-06-23 00:00:00+00:00, run_after=2025-06-24 00:00:00+00:00
[2025-06-23T00:18:12.930+0000] {processor.py:183} INFO - Processing /opt/airflow/dags/lifebit_health_analytics_dag.py took 0.111 seconds
[2025-06-23T00:18:43.122+0000] {processor.py:161} INFO - Started process (PID=56290) to work on /opt/airflow/dags/lifebit_health_analytics_dag.py
[2025-06-23T00:18:43.123+0000] {processor.py:830} INFO - Processing file /opt/airflow/dags/lifebit_health_analytics_dag.py for tasks to queue
[2025-06-23T00:18:43.124+0000] {logging_mixin.py:188} INFO - [2025-06-23T00:18:43.123+0000] {dagbag.py:538} INFO - Filling up the DagBag from /opt/airflow/dags/lifebit_health_analytics_dag.py
[2025-06-23T00:18:43.143+0000] {processor.py:840} INFO - DAG(s) 'lifebit_health_analytics_pipeline' retrieved from /opt/airflow/dags/lifebit_health_analytics_dag.py
[2025-06-23T00:18:43.168+0000] {logging_mixin.py:188} INFO - [2025-06-23T00:18:43.168+0000] {dag.py:3036} INFO - Sync 1 DAGs
[2025-06-23T00:18:43.188+0000] {logging_mixin.py:188} INFO - [2025-06-23T00:18:43.187+0000] {dag.py:3823} INFO - Setting next_dagrun for lifebit_health_analytics_pipeline to 2025-06-23 00:00:00+00:00, run_after=2025-06-24 00:00:00+00:00
[2025-06-23T00:18:43.214+0000] {processor.py:183} INFO - Processing /opt/airflow/dags/lifebit_health_analytics_dag.py took 0.098 seconds
[2025-06-23T00:19:13.462+0000] {processor.py:161} INFO - Started process (PID=56301) to work on /opt/airflow/dags/lifebit_health_analytics_dag.py
[2025-06-23T00:19:13.463+0000] {processor.py:830} INFO - Processing file /opt/airflow/dags/lifebit_health_analytics_dag.py for tasks to queue
[2025-06-23T00:19:13.464+0000] {logging_mixin.py:188} INFO - [2025-06-23T00:19:13.463+0000] {dagbag.py:538} INFO - Filling up the DagBag from /opt/airflow/dags/lifebit_health_analytics_dag.py
[2025-06-23T00:19:13.484+0000] {processor.py:840} INFO - DAG(s) 'lifebit_health_analytics_pipeline' retrieved from /opt/airflow/dags/lifebit_health_analytics_dag.py
[2025-06-23T00:19:13.513+0000] {logging_mixin.py:188} INFO - [2025-06-23T00:19:13.512+0000] {dag.py:3036} INFO - Sync 1 DAGs
[2025-06-23T00:19:13.535+0000] {logging_mixin.py:188} INFO - [2025-06-23T00:19:13.535+0000] {dag.py:3823} INFO - Setting next_dagrun for lifebit_health_analytics_pipeline to 2025-06-23 00:00:00+00:00, run_after=2025-06-24 00:00:00+00:00
[2025-06-23T00:19:13.554+0000] {processor.py:183} INFO - Processing /opt/airflow/dags/lifebit_health_analytics_dag.py took 0.095 seconds
[2025-06-23T00:19:43.780+0000] {processor.py:161} INFO - Started process (PID=56312) to work on /opt/airflow/dags/lifebit_health_analytics_dag.py
[2025-06-23T00:19:43.783+0000] {processor.py:830} INFO - Processing file /opt/airflow/dags/lifebit_health_analytics_dag.py for tasks to queue
[2025-06-23T00:19:43.784+0000] {logging_mixin.py:188} INFO - [2025-06-23T00:19:43.784+0000] {dagbag.py:538} INFO - Filling up the DagBag from /opt/airflow/dags/lifebit_health_analytics_dag.py
[2025-06-23T00:19:43.806+0000] {processor.py:840} INFO - DAG(s) 'lifebit_health_analytics_pipeline' retrieved from /opt/airflow/dags/lifebit_health_analytics_dag.py
[2025-06-23T00:19:43.828+0000] {logging_mixin.py:188} INFO - [2025-06-23T00:19:43.828+0000] {dag.py:3036} INFO - Sync 1 DAGs
[2025-06-23T00:19:43.851+0000] {logging_mixin.py:188} INFO - [2025-06-23T00:19:43.850+0000] {dag.py:3823} INFO - Setting next_dagrun for lifebit_health_analytics_pipeline to 2025-06-23 00:00:00+00:00, run_after=2025-06-24 00:00:00+00:00
[2025-06-23T00:19:43.878+0000] {processor.py:183} INFO - Processing /opt/airflow/dags/lifebit_health_analytics_dag.py took 0.101 seconds
[2025-06-23T00:20:14.066+0000] {processor.py:161} INFO - Started process (PID=56323) to work on /opt/airflow/dags/lifebit_health_analytics_dag.py
[2025-06-23T00:20:14.067+0000] {processor.py:830} INFO - Processing file /opt/airflow/dags/lifebit_health_analytics_dag.py for tasks to queue
[2025-06-23T00:20:14.069+0000] {logging_mixin.py:188} INFO - [2025-06-23T00:20:14.068+0000] {dagbag.py:538} INFO - Filling up the DagBag from /opt/airflow/dags/lifebit_health_analytics_dag.py
[2025-06-23T00:20:14.090+0000] {processor.py:840} INFO - DAG(s) 'lifebit_health_analytics_pipeline' retrieved from /opt/airflow/dags/lifebit_health_analytics_dag.py
[2025-06-23T00:20:14.118+0000] {logging_mixin.py:188} INFO - [2025-06-23T00:20:14.117+0000] {dag.py:3036} INFO - Sync 1 DAGs
[2025-06-23T00:20:14.138+0000] {logging_mixin.py:188} INFO - [2025-06-23T00:20:14.138+0000] {dag.py:3823} INFO - Setting next_dagrun for lifebit_health_analytics_pipeline to 2025-06-23 00:00:00+00:00, run_after=2025-06-24 00:00:00+00:00
[2025-06-23T00:20:14.157+0000] {processor.py:183} INFO - Processing /opt/airflow/dags/lifebit_health_analytics_dag.py took 0.094 seconds
[2025-06-23T00:20:44.413+0000] {processor.py:161} INFO - Started process (PID=56334) to work on /opt/airflow/dags/lifebit_health_analytics_dag.py
[2025-06-23T00:20:44.414+0000] {processor.py:830} INFO - Processing file /opt/airflow/dags/lifebit_health_analytics_dag.py for tasks to queue
[2025-06-23T00:20:44.416+0000] {logging_mixin.py:188} INFO - [2025-06-23T00:20:44.415+0000] {dagbag.py:538} INFO - Filling up the DagBag from /opt/airflow/dags/lifebit_health_analytics_dag.py
[2025-06-23T00:20:44.433+0000] {processor.py:840} INFO - DAG(s) 'lifebit_health_analytics_pipeline' retrieved from /opt/airflow/dags/lifebit_health_analytics_dag.py
[2025-06-23T00:20:44.457+0000] {logging_mixin.py:188} INFO - [2025-06-23T00:20:44.457+0000] {dag.py:3036} INFO - Sync 1 DAGs
[2025-06-23T00:20:44.479+0000] {logging_mixin.py:188} INFO - [2025-06-23T00:20:44.479+0000] {dag.py:3823} INFO - Setting next_dagrun for lifebit_health_analytics_pipeline to 2025-06-23 00:00:00+00:00, run_after=2025-06-24 00:00:00+00:00
[2025-06-23T00:20:44.500+0000] {processor.py:183} INFO - Processing /opt/airflow/dags/lifebit_health_analytics_dag.py took 0.089 seconds
[2025-06-23T00:21:14.673+0000] {processor.py:161} INFO - Started process (PID=56345) to work on /opt/airflow/dags/lifebit_health_analytics_dag.py
[2025-06-23T00:21:14.675+0000] {processor.py:830} INFO - Processing file /opt/airflow/dags/lifebit_health_analytics_dag.py for tasks to queue
[2025-06-23T00:21:14.676+0000] {logging_mixin.py:188} INFO - [2025-06-23T00:21:14.675+0000] {dagbag.py:538} INFO - Filling up the DagBag from /opt/airflow/dags/lifebit_health_analytics_dag.py
[2025-06-23T00:21:14.702+0000] {processor.py:840} INFO - DAG(s) 'lifebit_health_analytics_pipeline' retrieved from /opt/airflow/dags/lifebit_health_analytics_dag.py
[2025-06-23T00:21:14.732+0000] {logging_mixin.py:188} INFO - [2025-06-23T00:21:14.732+0000] {dag.py:3036} INFO - Sync 1 DAGs
[2025-06-23T00:21:14.760+0000] {logging_mixin.py:188} INFO - [2025-06-23T00:21:14.760+0000] {dag.py:3823} INFO - Setting next_dagrun for lifebit_health_analytics_pipeline to 2025-06-23 00:00:00+00:00, run_after=2025-06-24 00:00:00+00:00
[2025-06-23T00:21:14.780+0000] {processor.py:183} INFO - Processing /opt/airflow/dags/lifebit_health_analytics_dag.py took 0.113 seconds
[2025-06-23T00:21:44.990+0000] {processor.py:161} INFO - Started process (PID=56356) to work on /opt/airflow/dags/lifebit_health_analytics_dag.py
[2025-06-23T00:21:44.991+0000] {processor.py:830} INFO - Processing file /opt/airflow/dags/lifebit_health_analytics_dag.py for tasks to queue
[2025-06-23T00:21:44.992+0000] {logging_mixin.py:188} INFO - [2025-06-23T00:21:44.992+0000] {dagbag.py:538} INFO - Filling up the DagBag from /opt/airflow/dags/lifebit_health_analytics_dag.py
[2025-06-23T00:21:45.015+0000] {processor.py:840} INFO - DAG(s) 'lifebit_health_analytics_pipeline' retrieved from /opt/airflow/dags/lifebit_health_analytics_dag.py
[2025-06-23T00:21:45.040+0000] {logging_mixin.py:188} INFO - [2025-06-23T00:21:45.039+0000] {dag.py:3036} INFO - Sync 1 DAGs
[2025-06-23T00:21:45.062+0000] {logging_mixin.py:188} INFO - [2025-06-23T00:21:45.061+0000] {dag.py:3823} INFO - Setting next_dagrun for lifebit_health_analytics_pipeline to 2025-06-23 00:00:00+00:00, run_after=2025-06-24 00:00:00+00:00
[2025-06-23T00:21:45.081+0000] {processor.py:183} INFO - Processing /opt/airflow/dags/lifebit_health_analytics_dag.py took 0.095 seconds
[2025-06-23T00:22:15.241+0000] {processor.py:161} INFO - Started process (PID=56367) to work on /opt/airflow/dags/lifebit_health_analytics_dag.py
[2025-06-23T00:22:15.242+0000] {processor.py:830} INFO - Processing file /opt/airflow/dags/lifebit_health_analytics_dag.py for tasks to queue
[2025-06-23T00:22:15.243+0000] {logging_mixin.py:188} INFO - [2025-06-23T00:22:15.242+0000] {dagbag.py:538} INFO - Filling up the DagBag from /opt/airflow/dags/lifebit_health_analytics_dag.py
[2025-06-23T00:22:15.267+0000] {processor.py:840} INFO - DAG(s) 'lifebit_health_analytics_pipeline' retrieved from /opt/airflow/dags/lifebit_health_analytics_dag.py
[2025-06-23T00:22:15.294+0000] {logging_mixin.py:188} INFO - [2025-06-23T00:22:15.294+0000] {dag.py:3036} INFO - Sync 1 DAGs
[2025-06-23T00:22:15.316+0000] {logging_mixin.py:188} INFO - [2025-06-23T00:22:15.316+0000] {dag.py:3823} INFO - Setting next_dagrun for lifebit_health_analytics_pipeline to 2025-06-23 00:00:00+00:00, run_after=2025-06-24 00:00:00+00:00
[2025-06-23T00:22:15.338+0000] {processor.py:183} INFO - Processing /opt/airflow/dags/lifebit_health_analytics_dag.py took 0.100 seconds
[2025-06-23T00:22:45.638+0000] {processor.py:161} INFO - Started process (PID=56378) to work on /opt/airflow/dags/lifebit_health_analytics_dag.py
[2025-06-23T00:22:45.640+0000] {processor.py:830} INFO - Processing file /opt/airflow/dags/lifebit_health_analytics_dag.py for tasks to queue
[2025-06-23T00:22:45.640+0000] {logging_mixin.py:188} INFO - [2025-06-23T00:22:45.640+0000] {dagbag.py:538} INFO - Filling up the DagBag from /opt/airflow/dags/lifebit_health_analytics_dag.py
[2025-06-23T00:22:45.661+0000] {processor.py:840} INFO - DAG(s) 'lifebit_health_analytics_pipeline' retrieved from /opt/airflow/dags/lifebit_health_analytics_dag.py
[2025-06-23T00:22:45.685+0000] {logging_mixin.py:188} INFO - [2025-06-23T00:22:45.685+0000] {dag.py:3036} INFO - Sync 1 DAGs
[2025-06-23T00:22:45.706+0000] {logging_mixin.py:188} INFO - [2025-06-23T00:22:45.706+0000] {dag.py:3823} INFO - Setting next_dagrun for lifebit_health_analytics_pipeline to 2025-06-23 00:00:00+00:00, run_after=2025-06-24 00:00:00+00:00
[2025-06-23T00:22:45.727+0000] {processor.py:183} INFO - Processing /opt/airflow/dags/lifebit_health_analytics_dag.py took 0.092 seconds
[2025-06-23T00:23:15.912+0000] {processor.py:161} INFO - Started process (PID=56389) to work on /opt/airflow/dags/lifebit_health_analytics_dag.py
[2025-06-23T00:23:15.913+0000] {processor.py:830} INFO - Processing file /opt/airflow/dags/lifebit_health_analytics_dag.py for tasks to queue
[2025-06-23T00:23:15.914+0000] {logging_mixin.py:188} INFO - [2025-06-23T00:23:15.914+0000] {dagbag.py:538} INFO - Filling up the DagBag from /opt/airflow/dags/lifebit_health_analytics_dag.py
[2025-06-23T00:23:15.942+0000] {processor.py:840} INFO - DAG(s) 'lifebit_health_analytics_pipeline' retrieved from /opt/airflow/dags/lifebit_health_analytics_dag.py
[2025-06-23T00:23:15.966+0000] {logging_mixin.py:188} INFO - [2025-06-23T00:23:15.966+0000] {dag.py:3036} INFO - Sync 1 DAGs
[2025-06-23T00:23:15.988+0000] {logging_mixin.py:188} INFO - [2025-06-23T00:23:15.987+0000] {dag.py:3823} INFO - Setting next_dagrun for lifebit_health_analytics_pipeline to 2025-06-23 00:00:00+00:00, run_after=2025-06-24 00:00:00+00:00
[2025-06-23T00:23:16.005+0000] {processor.py:183} INFO - Processing /opt/airflow/dags/lifebit_health_analytics_dag.py took 0.096 seconds
[2025-06-23T00:23:46.229+0000] {processor.py:161} INFO - Started process (PID=56400) to work on /opt/airflow/dags/lifebit_health_analytics_dag.py
[2025-06-23T00:23:46.230+0000] {processor.py:830} INFO - Processing file /opt/airflow/dags/lifebit_health_analytics_dag.py for tasks to queue
[2025-06-23T00:23:46.231+0000] {logging_mixin.py:188} INFO - [2025-06-23T00:23:46.231+0000] {dagbag.py:538} INFO - Filling up the DagBag from /opt/airflow/dags/lifebit_health_analytics_dag.py
[2025-06-23T00:23:46.250+0000] {processor.py:840} INFO - DAG(s) 'lifebit_health_analytics_pipeline' retrieved from /opt/airflow/dags/lifebit_health_analytics_dag.py
[2025-06-23T00:23:46.277+0000] {logging_mixin.py:188} INFO - [2025-06-23T00:23:46.277+0000] {dag.py:3036} INFO - Sync 1 DAGs
[2025-06-23T00:23:46.299+0000] {logging_mixin.py:188} INFO - [2025-06-23T00:23:46.299+0000] {dag.py:3823} INFO - Setting next_dagrun for lifebit_health_analytics_pipeline to 2025-06-23 00:00:00+00:00, run_after=2025-06-24 00:00:00+00:00
[2025-06-23T00:23:46.318+0000] {processor.py:183} INFO - Processing /opt/airflow/dags/lifebit_health_analytics_dag.py took 0.091 seconds
[2025-06-23T00:24:16.525+0000] {processor.py:161} INFO - Started process (PID=56411) to work on /opt/airflow/dags/lifebit_health_analytics_dag.py
[2025-06-23T00:24:16.528+0000] {processor.py:830} INFO - Processing file /opt/airflow/dags/lifebit_health_analytics_dag.py for tasks to queue
[2025-06-23T00:24:16.530+0000] {logging_mixin.py:188} INFO - [2025-06-23T00:24:16.530+0000] {dagbag.py:538} INFO - Filling up the DagBag from /opt/airflow/dags/lifebit_health_analytics_dag.py
[2025-06-23T00:24:16.552+0000] {processor.py:840} INFO - DAG(s) 'lifebit_health_analytics_pipeline' retrieved from /opt/airflow/dags/lifebit_health_analytics_dag.py
[2025-06-23T00:24:16.578+0000] {logging_mixin.py:188} INFO - [2025-06-23T00:24:16.578+0000] {dag.py:3036} INFO - Sync 1 DAGs
[2025-06-23T00:24:16.605+0000] {logging_mixin.py:188} INFO - [2025-06-23T00:24:16.604+0000] {dag.py:3823} INFO - Setting next_dagrun for lifebit_health_analytics_pipeline to 2025-06-23 00:00:00+00:00, run_after=2025-06-24 00:00:00+00:00
[2025-06-23T00:24:16.626+0000] {processor.py:183} INFO - Processing /opt/airflow/dags/lifebit_health_analytics_dag.py took 0.104 seconds
[2025-06-23T00:24:46.832+0000] {processor.py:161} INFO - Started process (PID=56423) to work on /opt/airflow/dags/lifebit_health_analytics_dag.py
[2025-06-23T00:24:46.833+0000] {processor.py:830} INFO - Processing file /opt/airflow/dags/lifebit_health_analytics_dag.py for tasks to queue
[2025-06-23T00:24:46.834+0000] {logging_mixin.py:188} INFO - [2025-06-23T00:24:46.833+0000] {dagbag.py:538} INFO - Filling up the DagBag from /opt/airflow/dags/lifebit_health_analytics_dag.py
[2025-06-23T00:24:46.856+0000] {processor.py:840} INFO - DAG(s) 'lifebit_health_analytics_pipeline' retrieved from /opt/airflow/dags/lifebit_health_analytics_dag.py
[2025-06-23T00:24:46.886+0000] {logging_mixin.py:188} INFO - [2025-06-23T00:24:46.885+0000] {dag.py:3036} INFO - Sync 1 DAGs
[2025-06-23T00:24:46.910+0000] {logging_mixin.py:188} INFO - [2025-06-23T00:24:46.909+0000] {dag.py:3823} INFO - Setting next_dagrun for lifebit_health_analytics_pipeline to 2025-06-23 00:00:00+00:00, run_after=2025-06-24 00:00:00+00:00
[2025-06-23T00:24:46.931+0000] {processor.py:183} INFO - Processing /opt/airflow/dags/lifebit_health_analytics_dag.py took 0.101 seconds
[2025-06-23T00:25:17.079+0000] {processor.py:161} INFO - Started process (PID=56434) to work on /opt/airflow/dags/lifebit_health_analytics_dag.py
[2025-06-23T00:25:17.080+0000] {processor.py:830} INFO - Processing file /opt/airflow/dags/lifebit_health_analytics_dag.py for tasks to queue
[2025-06-23T00:25:17.081+0000] {logging_mixin.py:188} INFO - [2025-06-23T00:25:17.081+0000] {dagbag.py:538} INFO - Filling up the DagBag from /opt/airflow/dags/lifebit_health_analytics_dag.py
[2025-06-23T00:25:17.107+0000] {processor.py:840} INFO - DAG(s) 'lifebit_health_analytics_pipeline' retrieved from /opt/airflow/dags/lifebit_health_analytics_dag.py
[2025-06-23T00:25:17.131+0000] {logging_mixin.py:188} INFO - [2025-06-23T00:25:17.131+0000] {dag.py:3036} INFO - Sync 1 DAGs
[2025-06-23T00:25:17.153+0000] {logging_mixin.py:188} INFO - [2025-06-23T00:25:17.152+0000] {dag.py:3823} INFO - Setting next_dagrun for lifebit_health_analytics_pipeline to 2025-06-23 00:00:00+00:00, run_after=2025-06-24 00:00:00+00:00
[2025-06-23T00:25:17.174+0000] {processor.py:183} INFO - Processing /opt/airflow/dags/lifebit_health_analytics_dag.py took 0.097 seconds
[2025-06-23T00:25:47.467+0000] {processor.py:161} INFO - Started process (PID=56445) to work on /opt/airflow/dags/lifebit_health_analytics_dag.py
[2025-06-23T00:25:47.470+0000] {processor.py:830} INFO - Processing file /opt/airflow/dags/lifebit_health_analytics_dag.py for tasks to queue
[2025-06-23T00:25:47.471+0000] {logging_mixin.py:188} INFO - [2025-06-23T00:25:47.471+0000] {dagbag.py:538} INFO - Filling up the DagBag from /opt/airflow/dags/lifebit_health_analytics_dag.py
[2025-06-23T00:25:47.496+0000] {processor.py:840} INFO - DAG(s) 'lifebit_health_analytics_pipeline' retrieved from /opt/airflow/dags/lifebit_health_analytics_dag.py
[2025-06-23T00:25:47.525+0000] {logging_mixin.py:188} INFO - [2025-06-23T00:25:47.525+0000] {dag.py:3036} INFO - Sync 1 DAGs
[2025-06-23T00:25:47.550+0000] {logging_mixin.py:188} INFO - [2025-06-23T00:25:47.550+0000] {dag.py:3823} INFO - Setting next_dagrun for lifebit_health_analytics_pipeline to 2025-06-23 00:00:00+00:00, run_after=2025-06-24 00:00:00+00:00
[2025-06-23T00:25:47.569+0000] {processor.py:183} INFO - Processing /opt/airflow/dags/lifebit_health_analytics_dag.py took 0.105 seconds
[2025-06-23T00:26:17.734+0000] {processor.py:161} INFO - Started process (PID=56456) to work on /opt/airflow/dags/lifebit_health_analytics_dag.py
[2025-06-23T00:26:17.735+0000] {processor.py:830} INFO - Processing file /opt/airflow/dags/lifebit_health_analytics_dag.py for tasks to queue
[2025-06-23T00:26:17.736+0000] {logging_mixin.py:188} INFO - [2025-06-23T00:26:17.736+0000] {dagbag.py:538} INFO - Filling up the DagBag from /opt/airflow/dags/lifebit_health_analytics_dag.py
[2025-06-23T00:26:17.760+0000] {processor.py:840} INFO - DAG(s) 'lifebit_health_analytics_pipeline' retrieved from /opt/airflow/dags/lifebit_health_analytics_dag.py
[2025-06-23T00:26:17.786+0000] {logging_mixin.py:188} INFO - [2025-06-23T00:26:17.786+0000] {dag.py:3036} INFO - Sync 1 DAGs
[2025-06-23T00:26:17.806+0000] {logging_mixin.py:188} INFO - [2025-06-23T00:26:17.806+0000] {dag.py:3823} INFO - Setting next_dagrun for lifebit_health_analytics_pipeline to 2025-06-23 00:00:00+00:00, run_after=2025-06-24 00:00:00+00:00
[2025-06-23T00:26:17.830+0000] {processor.py:183} INFO - Processing /opt/airflow/dags/lifebit_health_analytics_dag.py took 0.099 seconds
[2025-06-23T00:26:48.115+0000] {processor.py:161} INFO - Started process (PID=56467) to work on /opt/airflow/dags/lifebit_health_analytics_dag.py
[2025-06-23T00:26:48.118+0000] {processor.py:830} INFO - Processing file /opt/airflow/dags/lifebit_health_analytics_dag.py for tasks to queue
[2025-06-23T00:26:48.119+0000] {logging_mixin.py:188} INFO - [2025-06-23T00:26:48.119+0000] {dagbag.py:538} INFO - Filling up the DagBag from /opt/airflow/dags/lifebit_health_analytics_dag.py
[2025-06-23T00:26:48.140+0000] {processor.py:840} INFO - DAG(s) 'lifebit_health_analytics_pipeline' retrieved from /opt/airflow/dags/lifebit_health_analytics_dag.py
[2025-06-23T00:26:48.164+0000] {logging_mixin.py:188} INFO - [2025-06-23T00:26:48.163+0000] {dag.py:3036} INFO - Sync 1 DAGs
[2025-06-23T00:26:48.186+0000] {logging_mixin.py:188} INFO - [2025-06-23T00:26:48.186+0000] {dag.py:3823} INFO - Setting next_dagrun for lifebit_health_analytics_pipeline to 2025-06-23 00:00:00+00:00, run_after=2025-06-24 00:00:00+00:00
[2025-06-23T00:26:48.206+0000] {processor.py:183} INFO - Processing /opt/airflow/dags/lifebit_health_analytics_dag.py took 0.096 seconds
[2025-06-23T00:27:18.344+0000] {processor.py:161} INFO - Started process (PID=56478) to work on /opt/airflow/dags/lifebit_health_analytics_dag.py
[2025-06-23T00:27:18.345+0000] {processor.py:830} INFO - Processing file /opt/airflow/dags/lifebit_health_analytics_dag.py for tasks to queue
[2025-06-23T00:27:18.346+0000] {logging_mixin.py:188} INFO - [2025-06-23T00:27:18.346+0000] {dagbag.py:538} INFO - Filling up the DagBag from /opt/airflow/dags/lifebit_health_analytics_dag.py
[2025-06-23T00:27:18.371+0000] {processor.py:840} INFO - DAG(s) 'lifebit_health_analytics_pipeline' retrieved from /opt/airflow/dags/lifebit_health_analytics_dag.py
[2025-06-23T00:27:18.395+0000] {logging_mixin.py:188} INFO - [2025-06-23T00:27:18.395+0000] {dag.py:3036} INFO - Sync 1 DAGs
[2025-06-23T00:27:18.418+0000] {logging_mixin.py:188} INFO - [2025-06-23T00:27:18.418+0000] {dag.py:3823} INFO - Setting next_dagrun for lifebit_health_analytics_pipeline to 2025-06-23 00:00:00+00:00, run_after=2025-06-24 00:00:00+00:00
[2025-06-23T00:27:18.441+0000] {processor.py:183} INFO - Processing /opt/airflow/dags/lifebit_health_analytics_dag.py took 0.100 seconds
[2025-06-23T00:27:48.781+0000] {processor.py:161} INFO - Started process (PID=56489) to work on /opt/airflow/dags/lifebit_health_analytics_dag.py
[2025-06-23T00:27:48.783+0000] {processor.py:830} INFO - Processing file /opt/airflow/dags/lifebit_health_analytics_dag.py for tasks to queue
[2025-06-23T00:27:48.785+0000] {logging_mixin.py:188} INFO - [2025-06-23T00:27:48.784+0000] {dagbag.py:538} INFO - Filling up the DagBag from /opt/airflow/dags/lifebit_health_analytics_dag.py
[2025-06-23T00:27:48.814+0000] {processor.py:840} INFO - DAG(s) 'lifebit_health_analytics_pipeline' retrieved from /opt/airflow/dags/lifebit_health_analytics_dag.py
[2025-06-23T00:27:48.837+0000] {logging_mixin.py:188} INFO - [2025-06-23T00:27:48.837+0000] {dag.py:3036} INFO - Sync 1 DAGs
[2025-06-23T00:27:48.859+0000] {logging_mixin.py:188} INFO - [2025-06-23T00:27:48.858+0000] {dag.py:3823} INFO - Setting next_dagrun for lifebit_health_analytics_pipeline to 2025-06-23 00:00:00+00:00, run_after=2025-06-24 00:00:00+00:00
[2025-06-23T00:27:48.886+0000] {processor.py:183} INFO - Processing /opt/airflow/dags/lifebit_health_analytics_dag.py took 0.112 seconds
[2025-06-23T00:28:19.009+0000] {processor.py:161} INFO - Started process (PID=56500) to work on /opt/airflow/dags/lifebit_health_analytics_dag.py
[2025-06-23T00:28:19.011+0000] {processor.py:830} INFO - Processing file /opt/airflow/dags/lifebit_health_analytics_dag.py for tasks to queue
[2025-06-23T00:28:19.012+0000] {logging_mixin.py:188} INFO - [2025-06-23T00:28:19.012+0000] {dagbag.py:538} INFO - Filling up the DagBag from /opt/airflow/dags/lifebit_health_analytics_dag.py
[2025-06-23T00:28:19.047+0000] {processor.py:840} INFO - DAG(s) 'lifebit_health_analytics_pipeline' retrieved from /opt/airflow/dags/lifebit_health_analytics_dag.py
[2025-06-23T00:28:19.073+0000] {logging_mixin.py:188} INFO - [2025-06-23T00:28:19.073+0000] {dag.py:3036} INFO - Sync 1 DAGs
[2025-06-23T00:28:19.100+0000] {logging_mixin.py:188} INFO - [2025-06-23T00:28:19.100+0000] {dag.py:3823} INFO - Setting next_dagrun for lifebit_health_analytics_pipeline to 2025-06-23 00:00:00+00:00, run_after=2025-06-24 00:00:00+00:00
[2025-06-23T00:28:19.122+0000] {processor.py:183} INFO - Processing /opt/airflow/dags/lifebit_health_analytics_dag.py took 0.117 seconds
[2025-06-23T00:28:49.372+0000] {processor.py:161} INFO - Started process (PID=56511) to work on /opt/airflow/dags/lifebit_health_analytics_dag.py
[2025-06-23T00:28:49.373+0000] {processor.py:830} INFO - Processing file /opt/airflow/dags/lifebit_health_analytics_dag.py for tasks to queue
[2025-06-23T00:28:49.374+0000] {logging_mixin.py:188} INFO - [2025-06-23T00:28:49.373+0000] {dagbag.py:538} INFO - Filling up the DagBag from /opt/airflow/dags/lifebit_health_analytics_dag.py
[2025-06-23T00:28:49.400+0000] {processor.py:840} INFO - DAG(s) 'lifebit_health_analytics_pipeline' retrieved from /opt/airflow/dags/lifebit_health_analytics_dag.py
[2025-06-23T00:28:49.424+0000] {logging_mixin.py:188} INFO - [2025-06-23T00:28:49.424+0000] {dag.py:3036} INFO - Sync 1 DAGs
[2025-06-23T00:28:49.445+0000] {logging_mixin.py:188} INFO - [2025-06-23T00:28:49.445+0000] {dag.py:3823} INFO - Setting next_dagrun for lifebit_health_analytics_pipeline to 2025-06-23 00:00:00+00:00, run_after=2025-06-24 00:00:00+00:00
[2025-06-23T00:28:49.465+0000] {processor.py:183} INFO - Processing /opt/airflow/dags/lifebit_health_analytics_dag.py took 0.095 seconds
[2025-06-23T00:29:19.647+0000] {processor.py:161} INFO - Started process (PID=56523) to work on /opt/airflow/dags/lifebit_health_analytics_dag.py
[2025-06-23T00:29:19.648+0000] {processor.py:830} INFO - Processing file /opt/airflow/dags/lifebit_health_analytics_dag.py for tasks to queue
[2025-06-23T00:29:19.649+0000] {logging_mixin.py:188} INFO - [2025-06-23T00:29:19.649+0000] {dagbag.py:538} INFO - Filling up the DagBag from /opt/airflow/dags/lifebit_health_analytics_dag.py
[2025-06-23T00:29:19.672+0000] {processor.py:840} INFO - DAG(s) 'lifebit_health_analytics_pipeline' retrieved from /opt/airflow/dags/lifebit_health_analytics_dag.py
[2025-06-23T00:29:19.701+0000] {logging_mixin.py:188} INFO - [2025-06-23T00:29:19.701+0000] {dag.py:3036} INFO - Sync 1 DAGs
[2025-06-23T00:29:19.725+0000] {logging_mixin.py:188} INFO - [2025-06-23T00:29:19.725+0000] {dag.py:3823} INFO - Setting next_dagrun for lifebit_health_analytics_pipeline to 2025-06-23 00:00:00+00:00, run_after=2025-06-24 00:00:00+00:00
[2025-06-23T00:29:19.745+0000] {processor.py:183} INFO - Processing /opt/airflow/dags/lifebit_health_analytics_dag.py took 0.101 seconds
[2025-06-23T00:29:50.019+0000] {processor.py:161} INFO - Started process (PID=56534) to work on /opt/airflow/dags/lifebit_health_analytics_dag.py
[2025-06-23T00:29:50.020+0000] {processor.py:830} INFO - Processing file /opt/airflow/dags/lifebit_health_analytics_dag.py for tasks to queue
[2025-06-23T00:29:50.022+0000] {logging_mixin.py:188} INFO - [2025-06-23T00:29:50.021+0000] {dagbag.py:538} INFO - Filling up the DagBag from /opt/airflow/dags/lifebit_health_analytics_dag.py
[2025-06-23T00:29:50.050+0000] {processor.py:840} INFO - DAG(s) 'lifebit_health_analytics_pipeline' retrieved from /opt/airflow/dags/lifebit_health_analytics_dag.py
[2025-06-23T00:29:50.075+0000] {logging_mixin.py:188} INFO - [2025-06-23T00:29:50.075+0000] {dag.py:3036} INFO - Sync 1 DAGs
[2025-06-23T00:29:50.097+0000] {logging_mixin.py:188} INFO - [2025-06-23T00:29:50.096+0000] {dag.py:3823} INFO - Setting next_dagrun for lifebit_health_analytics_pipeline to 2025-06-23 00:00:00+00:00, run_after=2025-06-24 00:00:00+00:00
[2025-06-23T00:29:50.123+0000] {processor.py:183} INFO - Processing /opt/airflow/dags/lifebit_health_analytics_dag.py took 0.107 seconds
[2025-06-23T00:30:20.255+0000] {processor.py:161} INFO - Started process (PID=56545) to work on /opt/airflow/dags/lifebit_health_analytics_dag.py
[2025-06-23T00:30:20.256+0000] {processor.py:830} INFO - Processing file /opt/airflow/dags/lifebit_health_analytics_dag.py for tasks to queue
[2025-06-23T00:30:20.257+0000] {logging_mixin.py:188} INFO - [2025-06-23T00:30:20.257+0000] {dagbag.py:538} INFO - Filling up the DagBag from /opt/airflow/dags/lifebit_health_analytics_dag.py
[2025-06-23T00:30:20.285+0000] {processor.py:840} INFO - DAG(s) 'lifebit_health_analytics_pipeline' retrieved from /opt/airflow/dags/lifebit_health_analytics_dag.py
[2025-06-23T00:30:20.319+0000] {logging_mixin.py:188} INFO - [2025-06-23T00:30:20.318+0000] {dag.py:3036} INFO - Sync 1 DAGs
[2025-06-23T00:30:20.345+0000] {logging_mixin.py:188} INFO - [2025-06-23T00:30:20.344+0000] {dag.py:3823} INFO - Setting next_dagrun for lifebit_health_analytics_pipeline to 2025-06-23 00:00:00+00:00, run_after=2025-06-24 00:00:00+00:00
[2025-06-23T00:30:20.371+0000] {processor.py:183} INFO - Processing /opt/airflow/dags/lifebit_health_analytics_dag.py took 0.119 seconds
[2025-06-23T00:30:50.609+0000] {processor.py:161} INFO - Started process (PID=56556) to work on /opt/airflow/dags/lifebit_health_analytics_dag.py
[2025-06-23T00:30:50.611+0000] {processor.py:830} INFO - Processing file /opt/airflow/dags/lifebit_health_analytics_dag.py for tasks to queue
[2025-06-23T00:30:50.612+0000] {logging_mixin.py:188} INFO - [2025-06-23T00:30:50.611+0000] {dagbag.py:538} INFO - Filling up the DagBag from /opt/airflow/dags/lifebit_health_analytics_dag.py
[2025-06-23T00:30:50.637+0000] {processor.py:840} INFO - DAG(s) 'lifebit_health_analytics_pipeline' retrieved from /opt/airflow/dags/lifebit_health_analytics_dag.py
[2025-06-23T00:30:50.662+0000] {logging_mixin.py:188} INFO - [2025-06-23T00:30:50.662+0000] {dag.py:3036} INFO - Sync 1 DAGs
[2025-06-23T00:30:50.687+0000] {logging_mixin.py:188} INFO - [2025-06-23T00:30:50.686+0000] {dag.py:3823} INFO - Setting next_dagrun for lifebit_health_analytics_pipeline to 2025-06-23 00:00:00+00:00, run_after=2025-06-24 00:00:00+00:00
[2025-06-23T00:30:50.712+0000] {processor.py:183} INFO - Processing /opt/airflow/dags/lifebit_health_analytics_dag.py took 0.106 seconds
[2025-06-23T00:31:20.870+0000] {processor.py:161} INFO - Started process (PID=56567) to work on /opt/airflow/dags/lifebit_health_analytics_dag.py
[2025-06-23T00:31:20.871+0000] {processor.py:830} INFO - Processing file /opt/airflow/dags/lifebit_health_analytics_dag.py for tasks to queue
[2025-06-23T00:31:20.872+0000] {logging_mixin.py:188} INFO - [2025-06-23T00:31:20.871+0000] {dagbag.py:538} INFO - Filling up the DagBag from /opt/airflow/dags/lifebit_health_analytics_dag.py
[2025-06-23T00:31:20.897+0000] {processor.py:840} INFO - DAG(s) 'lifebit_health_analytics_pipeline' retrieved from /opt/airflow/dags/lifebit_health_analytics_dag.py
[2025-06-23T00:31:20.928+0000] {logging_mixin.py:188} INFO - [2025-06-23T00:31:20.927+0000] {dag.py:3036} INFO - Sync 1 DAGs
[2025-06-23T00:31:20.951+0000] {logging_mixin.py:188} INFO - [2025-06-23T00:31:20.951+0000] {dag.py:3823} INFO - Setting next_dagrun for lifebit_health_analytics_pipeline to 2025-06-23 00:00:00+00:00, run_after=2025-06-24 00:00:00+00:00
[2025-06-23T00:31:20.978+0000] {processor.py:183} INFO - Processing /opt/airflow/dags/lifebit_health_analytics_dag.py took 0.111 seconds
[2025-06-23T00:31:51.230+0000] {processor.py:161} INFO - Started process (PID=56578) to work on /opt/airflow/dags/lifebit_health_analytics_dag.py
[2025-06-23T00:31:51.231+0000] {processor.py:830} INFO - Processing file /opt/airflow/dags/lifebit_health_analytics_dag.py for tasks to queue
[2025-06-23T00:31:51.232+0000] {logging_mixin.py:188} INFO - [2025-06-23T00:31:51.231+0000] {dagbag.py:538} INFO - Filling up the DagBag from /opt/airflow/dags/lifebit_health_analytics_dag.py
[2025-06-23T00:31:51.256+0000] {processor.py:840} INFO - DAG(s) 'lifebit_health_analytics_pipeline' retrieved from /opt/airflow/dags/lifebit_health_analytics_dag.py
[2025-06-23T00:31:51.281+0000] {logging_mixin.py:188} INFO - [2025-06-23T00:31:51.281+0000] {dag.py:3036} INFO - Sync 1 DAGs
[2025-06-23T00:31:51.307+0000] {logging_mixin.py:188} INFO - [2025-06-23T00:31:51.307+0000] {dag.py:3823} INFO - Setting next_dagrun for lifebit_health_analytics_pipeline to 2025-06-23 00:00:00+00:00, run_after=2025-06-24 00:00:00+00:00
[2025-06-23T00:31:51.329+0000] {processor.py:183} INFO - Processing /opt/airflow/dags/lifebit_health_analytics_dag.py took 0.102 seconds
[2025-06-23T00:32:21.526+0000] {processor.py:161} INFO - Started process (PID=56589) to work on /opt/airflow/dags/lifebit_health_analytics_dag.py
[2025-06-23T00:32:21.527+0000] {processor.py:830} INFO - Processing file /opt/airflow/dags/lifebit_health_analytics_dag.py for tasks to queue
[2025-06-23T00:32:21.528+0000] {logging_mixin.py:188} INFO - [2025-06-23T00:32:21.528+0000] {dagbag.py:538} INFO - Filling up the DagBag from /opt/airflow/dags/lifebit_health_analytics_dag.py
[2025-06-23T00:32:21.590+0000] {processor.py:840} INFO - DAG(s) 'lifebit_health_analytics_pipeline' retrieved from /opt/airflow/dags/lifebit_health_analytics_dag.py
[2025-06-23T00:32:21.643+0000] {logging_mixin.py:188} INFO - [2025-06-23T00:32:21.642+0000] {dag.py:3036} INFO - Sync 1 DAGs
[2025-06-23T00:32:21.694+0000] {logging_mixin.py:188} INFO - [2025-06-23T00:32:21.693+0000] {dag.py:3823} INFO - Setting next_dagrun for lifebit_health_analytics_pipeline to 2025-06-23 00:00:00+00:00, run_after=2025-06-24 00:00:00+00:00
[2025-06-23T00:32:21.760+0000] {processor.py:183} INFO - Processing /opt/airflow/dags/lifebit_health_analytics_dag.py took 0.236 seconds
[2025-06-23T00:32:51.819+0000] {processor.py:161} INFO - Started process (PID=56600) to work on /opt/airflow/dags/lifebit_health_analytics_dag.py
[2025-06-23T00:32:51.820+0000] {processor.py:830} INFO - Processing file /opt/airflow/dags/lifebit_health_analytics_dag.py for tasks to queue
[2025-06-23T00:32:51.821+0000] {logging_mixin.py:188} INFO - [2025-06-23T00:32:51.821+0000] {dagbag.py:538} INFO - Filling up the DagBag from /opt/airflow/dags/lifebit_health_analytics_dag.py
[2025-06-23T00:32:51.847+0000] {processor.py:840} INFO - DAG(s) 'lifebit_health_analytics_pipeline' retrieved from /opt/airflow/dags/lifebit_health_analytics_dag.py
[2025-06-23T00:32:51.872+0000] {logging_mixin.py:188} INFO - [2025-06-23T00:32:51.872+0000] {dag.py:3036} INFO - Sync 1 DAGs
[2025-06-23T00:32:51.898+0000] {logging_mixin.py:188} INFO - [2025-06-23T00:32:51.898+0000] {dag.py:3823} INFO - Setting next_dagrun for lifebit_health_analytics_pipeline to 2025-06-23 00:00:00+00:00, run_after=2025-06-24 00:00:00+00:00
[2025-06-23T00:32:51.922+0000] {processor.py:183} INFO - Processing /opt/airflow/dags/lifebit_health_analytics_dag.py took 0.107 seconds
